<?xml version="1.0" encoding="UTF-8"?>
<!-- Generated by org.testng.reporters.JUnitReportReporter -->
<testsuite hostname="KanishkaPrabhu" failures="0" tests="1" name="com.salesforce.runnerfile.LoginRunner" time="13.917" errors="0" timestamp="2024-02-26T00:12:56 EST" skipped="0">
  <testcase classname="com.salesforce.runnerfile.LoginRunner" name="runScenario" time="13.917"/>
</testsuite> <!-- com.salesforce.runnerfile.LoginRunner -->
